{"total": {"lines":{"total":395,"covered":370,"skipped":0,"pct":93.67},"statements":{"total":395,"covered":370,"skipped":0,"pct":93.67},"functions":{"total":191,"covered":179,"skipped":0,"pct":93.72},"branches":{"total":174,"covered":133,"skipped":0,"pct":76.44}}
,"D:\\Projetos\\web-yoonit-components\\src\\components\\atoms\\YooAnimation\\YooAnimation.vue": {"lines":{"total":4,"covered":4,"skipped":0,"pct":100},"functions":{"total":2,"covered":2,"skipped":0,"pct":100},"statements":{"total":4,"covered":4,"skipped":0,"pct":100},"branches":{"total":4,"covered":2,"skipped":0,"pct":50}}
,"D:\\Projetos\\web-yoonit-components\\src\\components\\atoms\\YooAvatar\\YooAvatar.config.js": {"lines":{"total":1,"covered":1,"skipped":0,"pct":100},"functions":{"total":0,"covered":0,"skipped":0,"pct":100},"statements":{"total":1,"covered":1,"skipped":0,"pct":100},"branches":{"total":0,"covered":0,"skipped":0,"pct":100}}
,"D:\\Projetos\\web-yoonit-components\\src\\components\\atoms\\YooAvatar\\YooAvatar.vue": {"lines":{"total":19,"covered":19,"skipped":0,"pct":100},"functions":{"total":7,"covered":7,"skipped":0,"pct":100},"statements":{"total":19,"covered":19,"skipped":0,"pct":100},"branches":{"total":4,"covered":4,"skipped":0,"pct":100}}
,"D:\\Projetos\\web-yoonit-components\\src\\components\\atoms\\YooButton\\YooButton.config.js": {"lines":{"total":1,"covered":1,"skipped":0,"pct":100},"functions":{"total":0,"covered":0,"skipped":0,"pct":100},"statements":{"total":1,"covered":1,"skipped":0,"pct":100},"branches":{"total":0,"covered":0,"skipped":0,"pct":100}}
,"D:\\Projetos\\web-yoonit-components\\src\\components\\atoms\\YooButton\\YooButton.vue": {"lines":{"total":34,"covered":34,"skipped":0,"pct":100},"functions":{"total":13,"covered":13,"skipped":0,"pct":100},"statements":{"total":34,"covered":34,"skipped":0,"pct":100},"branches":{"total":22,"covered":22,"skipped":0,"pct":100}}
,"D:\\Projetos\\web-yoonit-components\\src\\components\\atoms\\YooCheckButton\\Props.config.js": {"lines":{"total":1,"covered":1,"skipped":0,"pct":100},"functions":{"total":0,"covered":0,"skipped":0,"pct":100},"statements":{"total":1,"covered":1,"skipped":0,"pct":100},"branches":{"total":0,"covered":0,"skipped":0,"pct":100}}
,"D:\\Projetos\\web-yoonit-components\\src\\components\\atoms\\YooCheckButton\\YooCheckButton.vue": {"lines":{"total":26,"covered":26,"skipped":0,"pct":100},"functions":{"total":7,"covered":7,"skipped":0,"pct":100},"statements":{"total":26,"covered":26,"skipped":0,"pct":100},"branches":{"total":7,"covered":7,"skipped":0,"pct":100}}
,"D:\\Projetos\\web-yoonit-components\\src\\components\\atoms\\YooIcon\\YooIcon.config.js": {"lines":{"total":1,"covered":1,"skipped":0,"pct":100},"functions":{"total":0,"covered":0,"skipped":0,"pct":100},"statements":{"total":1,"covered":1,"skipped":0,"pct":100},"branches":{"total":0,"covered":0,"skipped":0,"pct":100}}
,"D:\\Projetos\\web-yoonit-components\\src\\components\\atoms\\YooIcon\\YooIcon.vue": {"lines":{"total":10,"covered":10,"skipped":0,"pct":100},"functions":{"total":6,"covered":6,"skipped":0,"pct":100},"statements":{"total":10,"covered":10,"skipped":0,"pct":100},"branches":{"total":2,"covered":2,"skipped":0,"pct":100}}
,"D:\\Projetos\\web-yoonit-components\\src\\components\\atoms\\YooSeparator\\YooSeparator.config.js": {"lines":{"total":1,"covered":1,"skipped":0,"pct":100},"functions":{"total":0,"covered":0,"skipped":0,"pct":100},"statements":{"total":1,"covered":1,"skipped":0,"pct":100},"branches":{"total":0,"covered":0,"skipped":0,"pct":100}}
,"D:\\Projetos\\web-yoonit-components\\src\\components\\atoms\\YooSeparator\\YooSeparator.vue": {"lines":{"total":7,"covered":7,"skipped":0,"pct":100},"functions":{"total":3,"covered":3,"skipped":0,"pct":100},"statements":{"total":7,"covered":7,"skipped":0,"pct":100},"branches":{"total":0,"covered":0,"skipped":0,"pct":100}}
,"D:\\Projetos\\web-yoonit-components\\src\\components\\atoms\\YooStepper\\YooStepper.config.js": {"lines":{"total":1,"covered":1,"skipped":0,"pct":100},"functions":{"total":0,"covered":0,"skipped":0,"pct":100},"statements":{"total":1,"covered":1,"skipped":0,"pct":100},"branches":{"total":0,"covered":0,"skipped":0,"pct":100}}
,"D:\\Projetos\\web-yoonit-components\\src\\components\\atoms\\YooStepper\\YooStepper.vue": {"lines":{"total":6,"covered":6,"skipped":0,"pct":100},"functions":{"total":4,"covered":4,"skipped":0,"pct":100},"statements":{"total":6,"covered":6,"skipped":0,"pct":100},"branches":{"total":0,"covered":0,"skipped":0,"pct":100}}
,"D:\\Projetos\\web-yoonit-components\\src\\components\\atoms\\YooWarning\\YooWarning.config.js": {"lines":{"total":1,"covered":1,"skipped":0,"pct":100},"functions":{"total":0,"covered":0,"skipped":0,"pct":100},"statements":{"total":1,"covered":1,"skipped":0,"pct":100},"branches":{"total":0,"covered":0,"skipped":0,"pct":100}}
,"D:\\Projetos\\web-yoonit-components\\src\\components\\atoms\\YooWarning\\YooWarning.vue": {"lines":{"total":12,"covered":12,"skipped":0,"pct":100},"functions":{"total":8,"covered":8,"skipped":0,"pct":100},"statements":{"total":12,"covered":12,"skipped":0,"pct":100},"branches":{"total":2,"covered":2,"skipped":0,"pct":100}}
,"D:\\Projetos\\web-yoonit-components\\src\\components\\bosons\\index.js": {"lines":{"total":0,"covered":0,"skipped":0,"pct":100},"functions":{"total":0,"covered":0,"skipped":0,"pct":100},"statements":{"total":0,"covered":0,"skipped":0,"pct":100},"branches":{"total":0,"covered":0,"skipped":0,"pct":100}}
,"D:\\Projetos\\web-yoonit-components\\src\\components\\bosons\\StringParser\\StringParser.js": {"lines":{"total":50,"covered":48,"skipped":0,"pct":96},"functions":{"total":6,"covered":6,"skipped":0,"pct":100},"statements":{"total":50,"covered":48,"skipped":0,"pct":96},"branches":{"total":47,"covered":39,"skipped":0,"pct":82.98}}
,"D:\\Projetos\\web-yoonit-components\\src\\components\\molecules\\YooButtonToggle\\YooButtonToggle.vue": {"lines":{"total":6,"covered":6,"skipped":0,"pct":100},"functions":{"total":3,"covered":3,"skipped":0,"pct":100},"statements":{"total":6,"covered":6,"skipped":0,"pct":100},"branches":{"total":0,"covered":0,"skipped":0,"pct":100}}
,"D:\\Projetos\\web-yoonit-components\\src\\components\\molecules\\YooCard\\YooCard.config.js": {"lines":{"total":1,"covered":1,"skipped":0,"pct":100},"functions":{"total":0,"covered":0,"skipped":0,"pct":100},"statements":{"total":1,"covered":1,"skipped":0,"pct":100},"branches":{"total":0,"covered":0,"skipped":0,"pct":100}}
,"D:\\Projetos\\web-yoonit-components\\src\\components\\molecules\\YooCard\\YooCard.vue": {"lines":{"total":10,"covered":10,"skipped":0,"pct":100},"functions":{"total":4,"covered":4,"skipped":0,"pct":100},"statements":{"total":10,"covered":10,"skipped":0,"pct":100},"branches":{"total":0,"covered":0,"skipped":0,"pct":100}}
,"D:\\Projetos\\web-yoonit-components\\src\\components\\molecules\\YooHeader\\YooHeader.vue": {"lines":{"total":2,"covered":2,"skipped":0,"pct":100},"functions":{"total":6,"covered":3,"skipped":0,"pct":50},"statements":{"total":2,"covered":2,"skipped":0,"pct":100},"branches":{"total":0,"covered":0,"skipped":0,"pct":100}}
,"D:\\Projetos\\web-yoonit-components\\src\\components\\molecules\\YooPagination\\YooPagination.config.js": {"lines":{"total":1,"covered":1,"skipped":0,"pct":100},"functions":{"total":0,"covered":0,"skipped":0,"pct":100},"statements":{"total":1,"covered":1,"skipped":0,"pct":100},"branches":{"total":0,"covered":0,"skipped":0,"pct":100}}
,"D:\\Projetos\\web-yoonit-components\\src\\components\\molecules\\YooPagination\\YooPagination.vue": {"lines":{"total":15,"covered":15,"skipped":0,"pct":100},"functions":{"total":11,"covered":11,"skipped":0,"pct":100},"statements":{"total":15,"covered":15,"skipped":0,"pct":100},"branches":{"total":6,"covered":3,"skipped":0,"pct":50}}
,"D:\\Projetos\\web-yoonit-components\\src\\components\\molecules\\YooPostCard\\YooPostCard.config.js": {"lines":{"total":1,"covered":1,"skipped":0,"pct":100},"functions":{"total":0,"covered":0,"skipped":0,"pct":100},"statements":{"total":1,"covered":1,"skipped":0,"pct":100},"branches":{"total":0,"covered":0,"skipped":0,"pct":100}}
,"D:\\Projetos\\web-yoonit-components\\src\\components\\molecules\\YooPostCard\\YooPostCard.vue": {"lines":{"total":11,"covered":11,"skipped":0,"pct":100},"functions":{"total":7,"covered":7,"skipped":0,"pct":100},"statements":{"total":11,"covered":11,"skipped":0,"pct":100},"branches":{"total":0,"covered":0,"skipped":0,"pct":100}}
,"D:\\Projetos\\web-yoonit-components\\src\\components\\molecules\\YooQuizQuestion\\YooQuizQuestion.config.js": {"lines":{"total":1,"covered":1,"skipped":0,"pct":100},"functions":{"total":0,"covered":0,"skipped":0,"pct":100},"statements":{"total":1,"covered":1,"skipped":0,"pct":100},"branches":{"total":0,"covered":0,"skipped":0,"pct":100}}
,"D:\\Projetos\\web-yoonit-components\\src\\components\\molecules\\YooQuizQuestion\\YooQuizQuestion.vue": {"lines":{"total":18,"covered":15,"skipped":0,"pct":83.33},"functions":{"total":16,"covered":14,"skipped":0,"pct":87.5},"statements":{"total":18,"covered":15,"skipped":0,"pct":83.33},"branches":{"total":11,"covered":7,"skipped":0,"pct":63.64}}
,"D:\\Projetos\\web-yoonit-components\\src\\components\\molecules\\YooRateButton\\YooRateButton.vue": {"lines":{"total":5,"covered":5,"skipped":0,"pct":100},"functions":{"total":2,"covered":2,"skipped":0,"pct":100},"statements":{"total":5,"covered":5,"skipped":0,"pct":100},"branches":{"total":0,"covered":0,"skipped":0,"pct":100}}
,"D:\\Projetos\\web-yoonit-components\\src\\components\\molecules\\YooSegmentedBar\\YooSegmentedBar.vue": {"lines":{"total":7,"covered":7,"skipped":0,"pct":100},"functions":{"total":11,"covered":9,"skipped":0,"pct":81.82},"statements":{"total":7,"covered":7,"skipped":0,"pct":100},"branches":{"total":0,"covered":0,"skipped":0,"pct":100}}
,"D:\\Projetos\\web-yoonit-components\\src\\components\\molecules\\YooSwitch\\YooSwitch.config.js": {"lines":{"total":1,"covered":1,"skipped":0,"pct":100},"functions":{"total":0,"covered":0,"skipped":0,"pct":100},"statements":{"total":1,"covered":1,"skipped":0,"pct":100},"branches":{"total":0,"covered":0,"skipped":0,"pct":100}}
,"D:\\Projetos\\web-yoonit-components\\src\\components\\molecules\\YooSwitch\\YooSwitch.vue": {"lines":{"total":18,"covered":18,"skipped":0,"pct":100},"functions":{"total":12,"covered":10,"skipped":0,"pct":83.33},"statements":{"total":18,"covered":18,"skipped":0,"pct":100},"branches":{"total":5,"covered":5,"skipped":0,"pct":100}}
,"D:\\Projetos\\web-yoonit-components\\src\\components\\molecules\\YooSwitchCard\\YooSwitchCard.config.js": {"lines":{"total":1,"covered":1,"skipped":0,"pct":100},"functions":{"total":0,"covered":0,"skipped":0,"pct":100},"statements":{"total":1,"covered":1,"skipped":0,"pct":100},"branches":{"total":0,"covered":0,"skipped":0,"pct":100}}
,"D:\\Projetos\\web-yoonit-components\\src\\components\\molecules\\YooSwitchCard\\YooSwitchCard.vue": {"lines":{"total":13,"covered":13,"skipped":0,"pct":100},"functions":{"total":14,"covered":14,"skipped":0,"pct":100},"statements":{"total":13,"covered":13,"skipped":0,"pct":100},"branches":{"total":2,"covered":2,"skipped":0,"pct":100}}
,"D:\\Projetos\\web-yoonit-components\\src\\components\\quarks\\YooFlexLayout\\YooFlexLayout.config.js": {"lines":{"total":1,"covered":1,"skipped":0,"pct":100},"functions":{"total":0,"covered":0,"skipped":0,"pct":100},"statements":{"total":1,"covered":1,"skipped":0,"pct":100},"branches":{"total":0,"covered":0,"skipped":0,"pct":100}}
,"D:\\Projetos\\web-yoonit-components\\src\\components\\quarks\\YooFlexLayout\\YooFlexLayout.vue": {"lines":{"total":47,"covered":34,"skipped":0,"pct":72.34},"functions":{"total":23,"covered":22,"skipped":0,"pct":95.65},"statements":{"total":47,"covered":34,"skipped":0,"pct":72.34},"branches":{"total":30,"covered":18,"skipped":0,"pct":60}}
,"D:\\Projetos\\web-yoonit-components\\src\\components\\quarks\\YooGridLayout\\YooGridLayout.config.js": {"lines":{"total":1,"covered":1,"skipped":0,"pct":100},"functions":{"total":0,"covered":0,"skipped":0,"pct":100},"statements":{"total":1,"covered":1,"skipped":0,"pct":100},"branches":{"total":0,"covered":0,"skipped":0,"pct":100}}
,"D:\\Projetos\\web-yoonit-components\\src\\components\\quarks\\YooGridLayout\\YooGridLayout.vue": {"lines":{"total":49,"covered":42,"skipped":0,"pct":85.71},"functions":{"total":21,"covered":19,"skipped":0,"pct":90.48},"statements":{"total":49,"covered":42,"skipped":0,"pct":85.71},"branches":{"total":32,"covered":20,"skipped":0,"pct":62.5}}
,"D:\\Projetos\\web-yoonit-components\\src\\components\\quarks\\YooIndicator\\YooIndicator.config.js": {"lines":{"total":1,"covered":1,"skipped":0,"pct":100},"functions":{"total":0,"covered":0,"skipped":0,"pct":100},"statements":{"total":1,"covered":1,"skipped":0,"pct":100},"branches":{"total":0,"covered":0,"skipped":0,"pct":100}}
,"D:\\Projetos\\web-yoonit-components\\src\\components\\quarks\\YooIndicator\\YooIndicator.vue": {"lines":{"total":6,"covered":6,"skipped":0,"pct":100},"functions":{"total":3,"covered":3,"skipped":0,"pct":100},"statements":{"total":6,"covered":6,"skipped":0,"pct":100},"branches":{"total":0,"covered":0,"skipped":0,"pct":100}}
,"D:\\Projetos\\web-yoonit-components\\src\\components\\quarks\\YooScrollView\\YooScrollView.config.js": {"lines":{"total":1,"covered":1,"skipped":0,"pct":100},"functions":{"total":0,"covered":0,"skipped":0,"pct":100},"statements":{"total":1,"covered":1,"skipped":0,"pct":100},"branches":{"total":0,"covered":0,"skipped":0,"pct":100}}
,"D:\\Projetos\\web-yoonit-components\\src\\components\\quarks\\YooScrollView\\YooScrollView.vue": {"lines":{"total":3,"covered":3,"skipped":0,"pct":100},"functions":{"total":2,"covered":2,"skipped":0,"pct":100},"statements":{"total":3,"covered":3,"skipped":0,"pct":100},"branches":{"total":0,"covered":0,"skipped":0,"pct":100}}
}
