TN:
SF:D:\Projetos\web-yoonit-components\src\components\atoms\Animation\Animation.vue
FN:33,(anonymous_1)
FN:43,(anonymous_2)
FNF:2
FNH:2
FNDA:3,(anonymous_1)
FNDA:3,(anonymous_2)
DA:11,1
DA:34,3
DA:44,3
DA:52,3
LF:4
LH:4
BRF:0
BRH:0
end_of_record
TN:
SF:D:\Projetos\web-yoonit-components\src\components\atoms\Avatar\Avatar.config.js
FNF:0
FNH:0
DA:1,1
LF:1
LH:1
BRF:0
BRH:0
end_of_record
TN:
SF:D:\Projetos\web-yoonit-components\src\components\atoms\Avatar\Avatar.vue
FN:23,(anonymous_1)
FN:35,(anonymous_2)
FN:51,(anonymous_3)
FN:69,(anonymous_4)
FN:97,(anonymous_5)
FN:100,(anonymous_6)
FN:108,(anonymous_7)
FNF:7
FNH:7
FNDA:16,(anonymous_1)
FNDA:16,(anonymous_2)
FNDA:16,(anonymous_3)
FNDA:19,(anonymous_4)
FNDA:20,(anonymous_5)
FNDA:18,(anonymous_6)
FNDA:2,(anonymous_7)
DA:15,1
DA:23,16
DA:35,16
DA:51,16
DA:70,19
DA:71,19
DA:72,19
DA:74,1
DA:76,1
DA:78,16
DA:80,16
DA:82,1
DA:84,1
DA:86,1
DA:88,1
DA:90,19
DA:98,20
DA:101,18
DA:109,2
LF:19
LH:19
BRDA:73,0,0,1
BRDA:73,0,1,16
BRDA:73,0,2,1
BRDA:73,0,3,1
BRF:4
BRH:4
end_of_record
TN:
SF:D:\Projetos\web-yoonit-components\src\components\atoms\Button\Button.config.js
FNF:0
FNH:0
DA:1,7
LF:1
LH:1
BRF:0
BRH:0
end_of_record
TN:
SF:D:\Projetos\web-yoonit-components\src\components\atoms\Button\Button.vue
FN:31,(anonymous_1)
FN:36,(anonymous_2)
FN:41,(anonymous_3)
FN:50,(anonymous_4)
FN:55,(anonymous_5)
FN:60,(anonymous_6)
FN:65,(anonymous_7)
FN:86,(anonymous_8)
FN:97,(anonymous_9)
FN:100,(anonymous_10)
FN:109,(anonymous_11)
FN:127,(anonymous_12)
FN:130,(anonymous_13)
FNF:13
FNH:13
FNDA:218,(anonymous_1)
FNDA:218,(anonymous_2)
FNDA:218,(anonymous_3)
FNDA:218,(anonymous_4)
FNDA:218,(anonymous_5)
FNDA:218,(anonymous_6)
FNDA:218,(anonymous_7)
FNDA:220,(anonymous_8)
FNDA:100,(anonymous_9)
FNDA:100,(anonymous_10)
FNDA:177,(anonymous_11)
FNDA:100,(anonymous_12)
FNDA:100,(anonymous_13)
DA:23,7
DA:31,218
DA:36,218
DA:41,218
DA:50,218
DA:55,218
DA:60,218
DA:65,218
DA:87,220
DA:88,2
DA:89,2
DA:91,218
DA:98,100
DA:101,100
DA:102,100
DA:103,100
DA:104,100
DA:105,2
DA:107,100
DA:110,177
DA:111,177
DA:112,177
DA:113,177
DA:114,177
DA:115,177
DA:116,177
DA:117,5
DA:119,177
DA:120,5
DA:122,177
DA:123,3
DA:125,177
DA:128,100
DA:131,100
LF:34
LH:34
BRDA:87,0,0,2
BRDA:87,0,1,218
BRDA:104,1,0,2
BRDA:104,1,1,98
BRDA:104,2,0,100
BRDA:104,2,1,100
BRDA:116,3,0,5
BRDA:116,3,1,172
BRDA:116,4,0,177
BRDA:116,4,1,177
BRDA:116,4,2,6
BRDA:119,5,0,5
BRDA:119,5,1,172
BRDA:119,6,0,177
BRDA:119,6,1,177
BRDA:119,6,2,6
BRDA:122,7,0,3
BRDA:122,7,1,174
BRDA:122,8,0,177
BRDA:122,8,1,177
BRDA:131,9,0,99
BRDA:131,9,1,1
BRF:22
BRH:22
end_of_record
TN:
SF:D:\Projetos\web-yoonit-components\src\components\atoms\CheckButton\CheckButton.config.js
FNF:0
FNH:0
DA:1,3
LF:1
LH:1
BRF:0
BRH:0
end_of_record
TN:
SF:D:\Projetos\web-yoonit-components\src\components\atoms\CheckButton\CheckButton.vue
FN:36,(anonymous_1)
FN:45,(anonymous_2)
FN:58,(anonymous_3)
FN:62,(anonymous_4)
FN:72,(anonymous_5)
FN:84,(anonymous_6)
FN:117,(anonymous_7)
FN:134,(anonymous_8)
FNF:8
FNH:8
FNDA:117,(anonymous_1)
FNDA:117,(anonymous_2)
FNDA:49,(anonymous_3)
FNDA:49,(anonymous_4)
FNDA:51,(anonymous_5)
FNDA:60,(anonymous_6)
FNDA:52,(anonymous_7)
FNDA:2,(anonymous_8)
DA:24,3
DA:36,117
DA:45,117
DA:58,49
DA:63,49
DA:64,49
DA:73,51
DA:74,51
DA:75,51
DA:77,51
DA:85,60
DA:86,60
DA:87,60
DA:88,3
DA:92,60
DA:93,29
DA:97,60
DA:98,2
DA:102,60
DA:103,3
DA:107,60
DA:110,60
DA:118,52
DA:119,52
DA:121,52
DA:125,52
DA:126,2
DA:130,52
DA:135,2
DA:136,1
LF:30
LH:30
BRDA:87,0,0,3
BRDA:87,0,1,57
BRDA:87,1,0,60
BRDA:87,1,1,31
BRDA:92,2,0,29
BRDA:92,2,1,31
BRDA:97,3,0,2
BRDA:97,3,1,58
BRDA:97,4,0,60
BRDA:97,4,1,29
BRDA:97,4,2,2
BRDA:102,5,0,3
BRDA:102,5,1,57
BRDA:121,6,0,27
BRDA:121,6,1,25
BRDA:125,7,0,2
BRDA:125,7,1,50
BRDA:125,8,0,52
BRDA:125,8,1,27
BRDA:125,8,2,2
BRDA:135,9,0,1
BRDA:135,9,1,1
BRF:22
BRH:22
end_of_record
TN:
SF:D:\Projetos\web-yoonit-components\src\components\atoms\Icon\Icon.config.js
FNF:0
FNH:0
DA:1,3
LF:1
LH:1
BRF:0
BRH:0
end_of_record
TN:
SF:D:\Projetos\web-yoonit-components\src\components\atoms\Icon\Icon.vue
FN:20,(anonymous_1)
FN:25,(anonymous_2)
FN:30,(anonymous_3)
FN:39,(anonymous_4)
FN:47,(anonymous_5)
FN:57,(anonymous_6)
FNF:6
FNH:6
FNDA:117,(anonymous_1)
FNDA:117,(anonymous_2)
FNDA:117,(anonymous_3)
FNDA:91,(anonymous_4)
FNDA:89,(anonymous_5)
FNDA:97,(anonymous_6)
DA:8,3
DA:20,117
DA:25,117
DA:30,117
DA:40,91
DA:48,89
DA:58,97
DA:59,97
DA:61,97
DA:65,97
DA:70,97
LF:11
LH:11
BRDA:48,0,0,81
BRDA:48,0,1,8
BRF:2
BRH:2
end_of_record
TN:
SF:D:\Projetos\web-yoonit-components\src\components\atoms\Separator\Separator.config.js
FNF:0
FNH:0
DA:1,1
LF:1
LH:1
BRF:0
BRH:0
end_of_record
TN:
SF:D:\Projetos\web-yoonit-components\src\components\atoms\Separator\Separator.vue
FN:23,(anonymous_1)
FN:27,(anonymous_2)
FN:35,(anonymous_3)
FN:44,(anonymous_4)
FNF:4
FNH:4
FNDA:14,(anonymous_1)
FNDA:14,(anonymous_2)
FNDA:14,(anonymous_3)
FNDA:22,(anonymous_4)
DA:15,1
DA:23,14
DA:28,14
DA:35,14
DA:45,22
DA:46,22
DA:48,22
DA:52,22
DA:57,22
LF:9
LH:9
BRF:0
BRH:0
end_of_record
TN:
SF:D:\Projetos\web-yoonit-components\src\components\atoms\Stepper\Stepper.config.js
FNF:0
FNH:0
DA:1,2
LF:1
LH:1
BRF:0
BRH:0
end_of_record
TN:
SF:D:\Projetos\web-yoonit-components\src\components\atoms\Stepper\Stepper.vue
FN:36,(anonymous_1)
FN:53,(anonymous_2)
FN:61,(anonymous_3)
FN:69,(anonymous_4)
FNF:4
FNH:4
FNDA:27,(anonymous_1)
FNDA:20,(anonymous_2)
FNDA:2,(anonymous_3)
FNDA:2,(anonymous_4)
DA:24,2
DA:25,2
DA:36,27
DA:54,20
DA:62,2
DA:70,2
LF:6
LH:6
BRF:0
BRH:0
end_of_record
TN:
SF:D:\Projetos\web-yoonit-components\src\components\atoms\Switch\Switch.config.js
FNF:0
FNH:0
DA:1,1
LF:1
LH:1
BRF:0
BRH:0
end_of_record
TN:
SF:D:\Projetos\web-yoonit-components\src\components\atoms\Switch\Switch.vue
FN:42,(anonymous_1)
FN:48,(anonymous_2)
FN:52,(anonymous_3)
FN:62,(anonymous_4)
FN:91,(anonymous_5)
FNF:5
FNH:5
FNDA:7,(anonymous_1)
FNDA:7,(anonymous_2)
FNDA:7,(anonymous_3)
FNDA:10,(anonymous_4)
FNDA:1,(anonymous_5)
DA:34,1
DA:42,7
DA:48,7
DA:53,7
DA:54,7
DA:63,10
DA:64,10
DA:65,10
DA:67,1
DA:69,1
DA:71,8
DA:73,8
DA:75,1
DA:77,1
DA:79,10
DA:80,1
DA:83,10
DA:92,1
LF:18
LH:18
BRDA:66,0,0,1
BRDA:66,0,1,8
BRDA:66,0,2,1
BRDA:79,1,0,1
BRDA:79,1,1,9
BRF:5
BRH:5
end_of_record
TN:
SF:D:\Projetos\web-yoonit-components\src\components\atoms\Warning\Warning.config.js
FNF:0
FNH:0
DA:1,1
LF:1
LH:1
BRF:0
BRH:0
end_of_record
TN:
SF:D:\Projetos\web-yoonit-components\src\components\atoms\Warning\Warning.vue
FN:27,(anonymous_1)
FN:35,(anonymous_2)
FN:43,(anonymous_3)
FN:51,(anonymous_4)
FN:56,(anonymous_5)
FN:66,(anonymous_6)
FN:74,(anonymous_7)
FN:84,(anonymous_8)
FNF:8
FNH:8
FNDA:9,(anonymous_1)
FNDA:9,(anonymous_2)
FNDA:9,(anonymous_3)
FNDA:9,(anonymous_4)
FNDA:9,(anonymous_5)
FNDA:11,(anonymous_6)
FNDA:10,(anonymous_7)
FNDA:11,(anonymous_8)
DA:19,1
DA:28,9
DA:36,9
DA:44,9
DA:51,9
DA:56,9
DA:67,11
DA:75,10
DA:85,11
DA:86,11
DA:88,11
DA:93,11
LF:12
LH:12
BRDA:75,0,0,9
BRDA:75,0,1,1
BRF:2
BRH:2
end_of_record
TN:
SF:D:\Projetos\web-yoonit-components\src\components\bosons\index.js
FNF:0
FNH:0
LF:0
LH:0
BRF:0
BRH:0
end_of_record
TN:
SF:D:\Projetos\web-yoonit-components\src\components\bosons\StringParser\StringParser.js
FN:1,(anonymous_0)
FN:10,(anonymous_1)
FN:20,(anonymous_2)
FN:27,(anonymous_3)
FN:33,(anonymous_4)
FN:46,(anonymous_5)
FNF:6
FNH:6
FNDA:25,(anonymous_0)
FNDA:3,(anonymous_1)
FNDA:3,(anonymous_2)
FNDA:2,(anonymous_3)
FNDA:3,(anonymous_4)
FNDA:3,(anonymous_5)
DA:1,2
DA:2,25
DA:3,6
DA:4,6
DA:5,6
DA:6,6
DA:8,19
DA:10,2
DA:11,3
DA:12,1
DA:14,2
DA:16,2
DA:20,2
DA:21,3
DA:22,1
DA:24,2
DA:27,2
DA:28,2
DA:33,2
DA:34,3
DA:35,3
DA:36,2
DA:38,3
DA:39,1
DA:41,2
DA:42,2
DA:43,2
DA:44,1
DA:46,2
DA:47,3
DA:48,1
DA:50,2
DA:51,1
DA:52,1
DA:54,1
DA:55,1
DA:58,2
DA:65,2
LF:38
LH:38
BRDA:2,0,0,6
BRDA:2,0,1,19
BRDA:5,1,0,6
BRDA:5,1,1,2
BRDA:8,2,0,19
BRDA:8,2,1,18
BRDA:11,3,0,1
BRDA:11,3,1,2
BRDA:11,4,0,3
BRDA:11,4,1,3
BRDA:20,5,0,1
BRDA:21,6,0,1
BRDA:21,6,1,2
BRDA:21,7,0,3
BRDA:21,7,1,3
BRDA:28,8,0,1
BRDA:28,8,1,1
BRDA:35,9,0,2
BRDA:35,9,1,1
BRDA:38,10,0,1
BRDA:38,10,1,2
BRDA:43,11,0,1
BRDA:43,11,1,1
BRDA:47,12,0,1
BRDA:47,12,1,2
BRDA:47,13,0,3
BRDA:47,13,1,2
BRDA:50,14,0,1
BRDA:50,14,1,1
BRDA:50,15,0,2
BRDA:50,15,1,2
BRF:31
BRH:31
end_of_record
TN:
SF:D:\Projetos\web-yoonit-components\src\components\molecules\ButtonToggle\ButtonToggle.vue
FN:50,(anonymous_1)
FN:53,(anonymous_2)
FN:57,(anonymous_3)
FNF:3
FNH:3
FNDA:3,(anonymous_1)
FNDA:3,(anonymous_2)
FNDA:1,(anonymous_3)
DA:30,1
DA:32,1
DA:50,3
DA:54,3
DA:58,1
DA:59,1
LF:6
LH:6
BRF:0
BRH:0
end_of_record
TN:
SF:D:\Projetos\web-yoonit-components\src\components\molecules\Card\Card.config.js
FNF:0
FNH:0
DA:1,1
LF:1
LH:1
BRF:0
BRH:0
end_of_record
TN:
SF:D:\Projetos\web-yoonit-components\src\components\molecules\Card\Card.vue
FN:58,(anonymous_1)
FN:74,(anonymous_2)
FN:95,(anonymous_3)
FN:112,(anonymous_4)
FNF:4
FNH:4
FNDA:9,(anonymous_1)
FNDA:9,(anonymous_2)
FNDA:14,(anonymous_3)
FNDA:9,(anonymous_4)
DA:41,1
DA:42,1
DA:58,9
DA:74,9
DA:96,14
DA:97,14
DA:99,14
DA:102,14
DA:105,14
DA:113,9
LF:10
LH:10
BRF:0
BRH:0
end_of_record
TN:
SF:D:\Projetos\web-yoonit-components\src\components\molecules\FormGroup\FormGroup.vue
FN:55,(anonymous_1)
FN:59,(anonymous_2)
FN:69,(anonymous_3)
FN:77,(anonymous_4)
FN:93,(anonymous_5)
FN:99,(anonymous_6)
FNF:6
FNH:6
FNDA:13,(anonymous_1)
FNDA:13,(anonymous_2)
FNDA:13,(anonymous_3)
FNDA:27,(anonymous_4)
FNDA:2,(anonymous_5)
FNDA:4,(anonymous_6)
DA:55,13
DA:60,14
DA:62,13
DA:63,11
DA:70,13
DA:75,13
DA:78,27
DA:79,27
DA:81,27
DA:82,4
DA:85,27
DA:86,10
DA:89,27
DA:94,2
DA:95,2
DA:96,1
DA:100,4
DA:101,3
DA:105,3
DA:108,4
DA:109,1
DA:115,1
DA:116,1
DA:118,4
LF:24
LH:24
BRDA:60,0,0,1
BRDA:60,0,1,12
BRDA:62,1,0,11
BRDA:62,1,1,2
BRDA:63,2,0,1
BRDA:63,2,1,10
BRDA:81,3,0,4
BRDA:81,3,1,23
BRDA:85,4,0,10
BRDA:85,4,1,17
BRDA:95,5,0,1
BRDA:95,5,1,1
BRDA:100,6,0,3
BRDA:100,6,1,1
BRDA:101,7,0,1
BRDA:101,7,1,2
BRDA:108,8,0,1
BRDA:108,8,1,3
BRDA:108,9,0,4
BRDA:108,9,1,2
BRF:20
BRH:20
end_of_record
TN:
SF:D:\Projetos\web-yoonit-components\src\components\molecules\Header\Header.vue
FNF:0
FNH:0
DA:23,1
LF:1
LH:1
BRF:0
BRH:0
end_of_record
TN:
SF:D:\Projetos\web-yoonit-components\src\components\molecules\Modal\Modal.vue
FN:25,(anonymous_1)
FN:26,(anonymous_2)
FN:29,(anonymous_3)
FN:34,(anonymous_4)
FN:37,(anonymous_5)
FNF:5
FNH:5
FNDA:8,(anonymous_1)
FNDA:8,(anonymous_2)
FNDA:1,(anonymous_3)
FNDA:16,(anonymous_4)
FNDA:20,(anonymous_5)
DA:18,1
DA:25,8
DA:27,8
DA:30,1
DA:35,16
DA:38,20
DA:39,13
LF:7
LH:7
BRDA:38,0,0,13
BRDA:38,0,1,7
BRF:2
BRH:2
end_of_record
TN:
SF:D:\Projetos\web-yoonit-components\src\components\molecules\Notify\Notify.config.js
FNF:0
FNH:0
DA:1,1
LF:1
LH:1
BRF:0
BRH:0
end_of_record
TN:
SF:D:\Projetos\web-yoonit-components\src\components\molecules\Notify\Notify.vue
FN:73,(anonymous_1)
FN:82,(anonymous_2)
FN:87,(anonymous_3)
FN:92,(anonymous_4)
FN:116,(anonymous_5)
FN:124,(anonymous_6)
FN:129,(anonymous_7)
FN:142,(anonymous_8)
FN:150,(anonymous_9)
FN:160,(anonymous_10)
FN:168,(anonymous_11)
FN:176,(anonymous_12)
FN:184,(anonymous_13)
FN:192,(anonymous_14)
FN:200,(anonymous_15)
FN:215,(anonymous_16)
FN:226,(anonymous_17)
FNF:17
FNH:17
FNDA:27,(anonymous_1)
FNDA:27,(anonymous_2)
FNDA:27,(anonymous_3)
FNDA:27,(anonymous_4)
FNDA:27,(anonymous_5)
FNDA:27,(anonymous_6)
FNDA:27,(anonymous_7)
FNDA:3,(anonymous_8)
FNDA:3,(anonymous_9)
FNDA:29,(anonymous_10)
FNDA:29,(anonymous_11)
FNDA:33,(anonymous_12)
FNDA:3,(anonymous_13)
FNDA:27,(anonymous_14)
FNDA:32,(anonymous_15)
FNDA:32,(anonymous_16)
FNDA:32,(anonymous_17)
DA:55,1
DA:56,1
DA:57,1
DA:58,1
DA:59,1
DA:73,27
DA:82,27
DA:87,27
DA:92,27
DA:117,27
DA:124,27
DA:129,27
DA:143,3
DA:151,3
DA:161,29
DA:169,29
DA:177,33
DA:185,3
DA:193,27
DA:201,32
DA:202,1
DA:203,31
DA:204,29
DA:205,2
DA:206,1
DA:208,1
DA:216,32
DA:217,30
DA:219,2
DA:227,32
DA:228,30
DA:230,2
LF:32
LH:32
BRDA:151,0,0,2
BRDA:151,0,1,1
BRDA:201,1,0,1
BRDA:201,1,1,31
BRDA:201,2,0,32
BRDA:201,2,1,5
BRDA:201,2,2,30
BRDA:203,3,0,29
BRDA:203,3,1,2
BRDA:203,4,0,31
BRDA:203,4,1,4
BRDA:205,5,0,1
BRDA:205,5,1,1
BRDA:216,6,0,30
BRDA:216,6,1,2
BRDA:216,7,0,32
BRDA:216,7,1,5
BRDA:227,8,0,30
BRDA:227,8,1,2
BRDA:227,9,0,32
BRDA:227,9,1,5
BRF:21
BRH:21
end_of_record
TN:
SF:D:\Projetos\web-yoonit-components\src\components\molecules\Pagination\Pagination.config.js
FNF:0
FNH:0
DA:1,1
LF:1
LH:1
BRF:0
BRH:0
end_of_record
TN:
SF:D:\Projetos\web-yoonit-components\src\components\molecules\Pagination\Pagination.vue
FN:66,(anonymous_1)
FN:75,(anonymous_2)
FN:80,(anonymous_3)
FN:104,(anonymous_4)
FN:107,(anonymous_5)
FN:110,(anonymous_6)
FN:113,(anonymous_7)
FN:116,(anonymous_8)
FN:121,(anonymous_9)
FN:127,(anonymous_10)
FN:133,(anonymous_11)
FNF:11
FNH:11
FNDA:15,(anonymous_1)
FNDA:15,(anonymous_2)
FNDA:15,(anonymous_3)
FNDA:17,(anonymous_4)
FNDA:3,(anonymous_5)
FNDA:18,(anonymous_6)
FNDA:15,(anonymous_7)
FNDA:15,(anonymous_8)
FNDA:2,(anonymous_9)
FNDA:3,(anonymous_10)
FNDA:1,(anonymous_11)
DA:49,1
DA:50,1
DA:51,1
DA:53,1
DA:66,15
DA:75,15
DA:80,15
DA:105,17
DA:108,3
DA:111,18
DA:114,15
DA:117,15
DA:122,2
DA:128,3
DA:134,1
LF:15
LH:15
BRDA:111,0,0,18
BRDA:111,0,1,16
BRDA:122,1,0,1
BRDA:122,1,1,1
BRDA:128,2,0,1
BRDA:128,2,1,2
BRF:6
BRH:6
end_of_record
TN:
SF:D:\Projetos\web-yoonit-components\src\components\molecules\PostCard\PostCard.config.js
FNF:0
FNH:0
DA:1,1
LF:1
LH:1
BRF:0
BRH:0
end_of_record
TN:
SF:D:\Projetos\web-yoonit-components\src\components\molecules\PostCard\PostCard.vue
FN:61,(anonymous_1)
FN:74,(anonymous_2)
FN:79,(anonymous_3)
FN:84,(anonymous_4)
FN:89,(anonymous_5)
FN:103,(anonymous_6)
FN:108,(anonymous_7)
FNF:7
FNH:7
FNDA:10,(anonymous_1)
FNDA:10,(anonymous_2)
FNDA:10,(anonymous_3)
FNDA:10,(anonymous_4)
FNDA:10,(anonymous_5)
FNDA:15,(anonymous_6)
FNDA:1,(anonymous_7)
DA:41,1
DA:42,1
DA:43,1
DA:45,1
DA:61,10
DA:74,10
DA:79,10
DA:84,10
DA:89,10
DA:104,15
DA:109,1
LF:11
LH:11
BRF:0
BRH:0
end_of_record
TN:
SF:D:\Projetos\web-yoonit-components\src\components\molecules\QuizQuestion\QuizQuestion.config.js
FNF:0
FNH:0
DA:1,1
LF:1
LH:1
BRF:0
BRH:0
end_of_record
TN:
SF:D:\Projetos\web-yoonit-components\src\components\molecules\QuizQuestion\QuizQuestion.vue
FN:43,(anonymous_1)
FN:48,(anonymous_2)
FN:55,(anonymous_3)
FN:58,(anonymous_4)
FN:62,(anonymous_5)
FN:63,(anonymous_6)
FN:69,(anonymous_7)
FN:84,(anonymous_8)
FNF:8
FNH:8
FNDA:11,(anonymous_1)
FNDA:11,(anonymous_2)
FNDA:11,(anonymous_3)
FNDA:11,(anonymous_4)
FNDA:32,(anonymous_5)
FNDA:42,(anonymous_6)
FNDA:2,(anonymous_7)
FNDA:90,(anonymous_8)
DA:33,1
DA:34,1
DA:35,1
DA:43,11
DA:48,11
DA:55,11
DA:59,11
DA:63,74
DA:70,2
DA:71,1
DA:72,2
DA:75,1
DA:76,2
DA:77,1
DA:81,2
DA:82,2
DA:85,90
LF:17
LH:17
BRDA:70,0,0,1
BRDA:70,0,1,1
BRDA:70,1,0,2
BRDA:70,1,1,2
BRDA:76,2,0,1
BRDA:76,2,1,1
BRDA:85,3,0,158
BRDA:85,3,1,112
BRF:8
BRH:8
end_of_record
TN:
SF:D:\Projetos\web-yoonit-components\src\components\molecules\SegmentedBar\SegmentedBar.vue
FN:48,(anonymous_1)
FN:51,(anonymous_2)
FN:55,(anonymous_3)
FN:60,(anonymous_4)
FNF:4
FNH:4
FNDA:3,(anonymous_1)
FNDA:3,(anonymous_2)
FNDA:3,(anonymous_3)
FNDA:1,(anonymous_4)
DA:28,1
DA:30,1
DA:48,3
DA:52,3
DA:56,3
DA:61,1
DA:62,1
LF:7
LH:7
BRF:0
BRH:0
end_of_record
TN:
SF:D:\Projetos\web-yoonit-components\src\components\molecules\SelectButton\SelectButton.vue
FN:41,(anonymous_1)
FN:45,(anonymous_2)
FN:51,(anonymous_3)
FN:53,(anonymous_4)
FNF:4
FNH:4
FNDA:5,(anonymous_1)
FNDA:5,(anonymous_2)
FNDA:2,(anonymous_3)
FNDA:1,(anonymous_4)
DA:21,1
DA:23,1
DA:41,5
DA:46,5
DA:47,3
DA:48,3
DA:49,2
DA:51,3
DA:53,4
DA:55,2
DA:57,5
LF:11
LH:11
BRDA:46,0,0,3
BRDA:46,0,1,2
BRDA:48,1,0,2
BRDA:48,1,1,1
BRF:4
BRH:4
end_of_record
TN:
SF:D:\Projetos\web-yoonit-components\src\components\molecules\TableAttribute\TableAttribute.config.js
FNF:0
FNH:0
DA:1,1
LF:1
LH:1
BRF:0
BRH:0
end_of_record
TN:
SF:D:\Projetos\web-yoonit-components\src\components\molecules\TableAttribute\TableAttribute.vue
FN:78,(anonymous_1)
FN:83,(anonymous_2)
FN:88,(anonymous_3)
FN:101,(anonymous_4)
FN:106,(anonymous_5)
FN:119,(anonymous_6)
FN:132,(anonymous_7)
FN:136,(anonymous_8)
FN:148,(anonymous_9)
FN:170,(anonymous_10)
FN:178,(anonymous_11)
FN:186,(anonymous_12)
FN:196,(anonymous_13)
FN:206,(anonymous_14)
FN:215,(anonymous_15)
FNF:15
FNH:15
FNDA:44,(anonymous_1)
FNDA:44,(anonymous_2)
FNDA:44,(anonymous_3)
FNDA:44,(anonymous_4)
FNDA:44,(anonymous_5)
FNDA:44,(anonymous_6)
FNDA:44,(anonymous_7)
FNDA:44,(anonymous_8)
FNDA:47,(anonymous_9)
FNDA:48,(anonymous_10)
FNDA:48,(anonymous_11)
FNDA:44,(anonymous_12)
FNDA:44,(anonymous_13)
FNDA:48,(anonymous_14)
FNDA:2,(anonymous_15)
DA:58,1
DA:59,1
DA:60,1
DA:61,1
DA:62,1
DA:78,44
DA:83,44
DA:88,44
DA:101,44
DA:106,44
DA:119,44
DA:132,44
DA:137,44
DA:138,1
DA:139,1
DA:149,47
DA:150,47
DA:151,47
DA:152,2
DA:157,47
DA:158,1
DA:163,47
DA:171,48
DA:179,48
DA:187,44
DA:197,44
DA:207,48
DA:216,2
LF:28
LH:28
BRDA:137,0,0,1
BRDA:137,0,1,43
BRDA:151,1,0,2
BRDA:151,1,1,45
BRDA:151,2,0,47
BRDA:151,2,1,2
BRDA:157,3,0,1
BRDA:157,3,1,46
BRDA:187,4,0,1
BRDA:187,4,1,43
BRDA:197,5,0,1
BRDA:197,5,1,43
BRF:12
BRH:12
end_of_record
TN:
SF:D:\Projetos\web-yoonit-components\src\components\quarks\FlexLayout\FlexLayout.config.js
FNF:0
FNH:0
DA:1,12
LF:1
LH:1
BRF:0
BRH:0
end_of_record
TN:
SF:D:\Projetos\web-yoonit-components\src\components\quarks\FlexLayout\FlexLayout.vue
FN:18,(anonymous_1)
FN:23,(anonymous_2)
FN:28,(anonymous_3)
FN:33,(anonymous_4)
FN:38,(anonymous_5)
FN:46,(anonymous_6)
FN:50,(anonymous_7)
FN:53,(anonymous_8)
FN:56,(anonymous_9)
FN:59,(anonymous_10)
FN:62,(anonymous_11)
FN:65,(anonymous_12)
FN:74,(anonymous_13)
FN:77,(anonymous_14)
FNF:14
FNH:14
FNDA:367,(anonymous_1)
FNDA:370,(anonymous_2)
FNDA:367,(anonymous_3)
FNDA:367,(anonymous_4)
FNDA:367,(anonymous_5)
FNDA:222,(anonymous_6)
FNDA:225,(anonymous_7)
FNDA:224,(anonymous_8)
FNDA:226,(anonymous_9)
FNDA:226,(anonymous_10)
FNDA:227,(anonymous_11)
FNDA:223,(anonymous_12)
FNDA:222,(anonymous_13)
FNDA:453,(anonymous_14)
DA:10,12
DA:18,367
DA:23,370
DA:28,367
DA:33,367
DA:38,367
DA:47,222
DA:51,225
DA:54,224
DA:57,226
DA:60,226
DA:63,227
DA:66,223
DA:67,1
DA:69,222
DA:75,222
DA:77,222
DA:78,453
DA:79,374
DA:80,374
DA:81,374
DA:82,1
DA:85,374
DA:86,31
DA:89,374
DA:90,1
DA:93,374
DA:94,1
DA:97,374
DA:98,1
DA:101,374
DA:102,1
DA:105,374
DA:106,1
DA:109,374
LF:35
LH:35
BRDA:66,0,0,1
BRDA:66,0,1,222
BRDA:78,1,0,374
BRDA:78,1,1,79
BRDA:80,2,0,213
BRDA:80,2,1,161
BRDA:81,3,0,1
BRDA:81,3,1,373
BRDA:85,4,0,31
BRDA:85,4,1,343
BRDA:89,5,0,1
BRDA:89,5,1,373
BRDA:93,6,0,1
BRDA:93,6,1,373
BRDA:97,7,0,1
BRDA:97,7,1,373
BRDA:101,8,0,1
BRDA:101,8,1,373
BRDA:105,9,0,1
BRDA:105,9,1,373
BRF:20
BRH:20
end_of_record
TN:
SF:D:\Projetos\web-yoonit-components\src\components\quarks\GridLayout\GridLayout.config.js
FNF:0
FNH:0
DA:1,4
LF:1
LH:1
BRF:0
BRH:0
end_of_record
TN:
SF:D:\Projetos\web-yoonit-components\src\components\quarks\GridLayout\GridLayout.vue
FN:45,(anonymous_1)
FN:50,(anonymous_2)
FN:53,(anonymous_3)
FN:54,(anonymous_4)
FN:58,(anonymous_5)
FN:59,(anonymous_6)
FN:73,(anonymous_7)
FN:74,(anonymous_8)
FN:88,(anonymous_9)
FN:95,(anonymous_10)
FN:110,(anonymous_11)
FN:124,(anonymous_12)
FN:125,(anonymous_13)
FN:127,(anonymous_14)
FNF:14
FNH:14
FNDA:140,(anonymous_1)
FNDA:140,(anonymous_2)
FNDA:71,(anonymous_3)
FNDA:71,(anonymous_4)
FNDA:71,(anonymous_5)
FNDA:73,(anonymous_6)
FNDA:85,(anonymous_7)
FNDA:130,(anonymous_8)
FNDA:72,(anonymous_9)
FNDA:83,(anonymous_10)
FNDA:73,(anonymous_11)
FNDA:80,(anonymous_12)
FNDA:71,(anonymous_13)
FNDA:147,(anonymous_14)
DA:11,4
DA:45,140
DA:50,140
DA:53,71
DA:55,71
DA:59,71
DA:60,73
DA:62,73
DA:63,69
DA:64,4
DA:65,2
DA:67,2
DA:71,71
DA:74,85
DA:75,130
DA:77,130
DA:78,54
DA:79,76
DA:80,3
DA:82,73
DA:86,85
DA:89,72
DA:90,1
DA:92,71
DA:96,83
DA:98,83
DA:103,83
DA:108,83
DA:111,73
DA:112,73
DA:113,28
DA:116,73
DA:117,28
DA:120,73
DA:124,80
DA:126,71
DA:127,71
DA:128,147
DA:129,120
DA:130,120
DA:132,120
DA:133,120
DA:135,120
DA:136,120
DA:139,120
DA:140,120
DA:143,120
LF:47
LH:47
BRDA:62,0,0,69
BRDA:62,0,1,4
BRDA:62,1,0,73
BRDA:62,1,1,73
BRDA:62,1,2,35
BRDA:64,2,0,2
BRDA:64,2,1,2
BRDA:77,3,0,54
BRDA:77,3,1,76
BRDA:77,4,0,130
BRDA:77,4,1,130
BRDA:77,4,2,129
BRDA:79,5,0,3
BRDA:79,5,1,73
BRDA:89,6,0,1
BRDA:89,6,1,71
BRDA:112,7,0,28
BRDA:112,7,1,45
BRDA:116,8,0,28
BRDA:116,8,1,45
BRDA:128,9,0,120
BRDA:128,9,1,27
BRDA:130,10,0,119
BRDA:130,10,1,1
BRDA:135,11,0,120
BRDA:135,11,1,0
BRDA:139,12,0,120
BRDA:139,12,1,0
BRF:28
BRH:26
end_of_record
TN:
SF:D:\Projetos\web-yoonit-components\src\components\quarks\Indicator\Indicator.config.js
FNF:0
FNH:0
DA:1,3
LF:1
LH:1
BRF:0
BRH:0
end_of_record
TN:
SF:D:\Projetos\web-yoonit-components\src\components\quarks\Indicator\Indicator.vue
FN:18,(anonymous_1)
FN:24,(anonymous_2)
FN:38,(anonymous_3)
FNF:3
FNH:3
FNDA:77,(anonymous_1)
FNDA:77,(anonymous_2)
FNDA:62,(anonymous_3)
DA:9,3
DA:18,77
DA:24,77
DA:39,62
DA:40,62
DA:41,61
DA:45,62
LF:7
LH:7
BRDA:40,0,0,61
BRDA:40,0,1,1
BRF:2
BRH:2
end_of_record
TN:
SF:D:\Projetos\web-yoonit-components\src\components\quarks\ScrollView\ScrollView.config.js
FNF:0
FNH:0
DA:1,1
LF:1
LH:1
BRF:0
BRH:0
end_of_record
TN:
SF:D:\Projetos\web-yoonit-components\src\components\quarks\ScrollView\ScrollView.vue
FN:19,(anonymous_1)
FN:24,(anonymous_2)
FNF:2
FNH:2
FNDA:5,(anonymous_1)
FNDA:6,(anonymous_2)
DA:10,1
DA:19,5
DA:25,6
LF:3
LH:3
BRF:0
BRH:0
end_of_record
