TN:
SF:/home/sabrina/CyberLabs/Yoonit/web-yoonit-components/src/components/atoms/Button/Button.config.js
FNF:0
FNH:0
DA:1,2
LF:1
LH:1
BRF:0
BRH:0
end_of_record
TN:
SF:/home/sabrina/CyberLabs/Yoonit/web-yoonit-components/src/components/atoms/Button/Button.vue
FN:29,(anonymous_1)
FN:34,(anonymous_2)
FN:39,(anonymous_3)
FN:48,(anonymous_4)
FN:53,(anonymous_5)
FN:58,(anonymous_6)
FN:63,(anonymous_7)
FN:84,(anonymous_8)
FN:94,(anonymous_9)
FN:95,(anonymous_10)
FN:96,(anonymous_11)
FN:97,(anonymous_12)
FN:100,(anonymous_13)
FN:103,(anonymous_14)
FN:112,(anonymous_15)
FN:130,(anonymous_16)
FN:133,(anonymous_17)
FNF:17
FNH:17
FNDA:60,(anonymous_1)
FNDA:60,(anonymous_2)
FNDA:60,(anonymous_3)
FNDA:60,(anonymous_4)
FNDA:60,(anonymous_5)
FNDA:60,(anonymous_6)
FNDA:60,(anonymous_7)
FNDA:62,(anonymous_8)
FNDA:36,(anonymous_9)
FNDA:36,(anonymous_10)
FNDA:36,(anonymous_11)
FNDA:22,(anonymous_12)
FNDA:8,(anonymous_13)
FNDA:8,(anonymous_14)
FNDA:45,(anonymous_15)
FNDA:8,(anonymous_16)
FNDA:8,(anonymous_17)
DA:22,2
DA:29,60
DA:34,60
DA:39,60
DA:48,60
DA:53,60
DA:58,60
DA:63,60
DA:85,62
DA:86,2
DA:87,2
DA:89,60
DA:94,36
DA:101,8
DA:104,8
DA:105,8
DA:106,8
DA:107,8
DA:108,2
DA:110,8
DA:113,45
DA:114,45
DA:115,45
DA:116,45
DA:117,45
DA:118,45
DA:119,45
DA:120,1
DA:122,45
DA:123,1
DA:125,45
DA:126,1
DA:128,45
DA:131,8
DA:134,8
LF:35
LH:35
BRDA:85,0,0,2
BRDA:85,0,1,60
BRDA:107,1,0,2
BRDA:107,1,1,6
BRDA:107,2,0,8
BRDA:107,2,1,8
BRDA:119,3,0,1
BRDA:119,3,1,44
BRDA:119,4,0,45
BRDA:119,4,1,45
BRDA:119,4,2,1
BRDA:122,5,0,1
BRDA:122,5,1,44
BRDA:122,6,0,45
BRDA:122,6,1,45
BRDA:122,6,2,1
BRDA:125,7,0,1
BRDA:125,7,1,44
BRDA:125,8,0,45
BRDA:125,8,1,45
BRDA:134,9,0,7
BRDA:134,9,1,1
BRF:22
BRH:22
end_of_record
TN:
SF:/home/sabrina/CyberLabs/Yoonit/web-yoonit-components/src/components/atoms/YooCheckButton/Props.config.js
FNF:0
FNH:0
DA:1,1
LF:1
LH:1
BRF:0
BRH:0
end_of_record
TN:
SF:/home/sabrina/CyberLabs/Yoonit/web-yoonit-components/src/components/atoms/YooCheckButton/YooCheckButton.vue
FN:39,(anonymous_1)
FN:50,(anonymous_2)
FN:58,(anonymous_3)
FN:62,(anonymous_4)
FN:63,(anonymous_5)
FN:64,(anonymous_6)
FN:65,(anonymous_7)
FN:69,(anonymous_8)
FN:70,(anonymous_9)
FN:71,(anonymous_10)
FN:74,(anonymous_11)
FN:105,(anonymous_12)
FN:117,(anonymous_13)
FNF:13
FNH:10
FNDA:16,(anonymous_1)
FNDA:16,(anonymous_2)
FNDA:16,(anonymous_3)
FNDA:0,(anonymous_4)
FNDA:16,(anonymous_5)
FNDA:16,(anonymous_6)
FNDA:16,(anonymous_7)
FNDA:26,(anonymous_8)
FNDA:0,(anonymous_9)
FNDA:0,(anonymous_10)
FNDA:22,(anonymous_11)
FNDA:17,(anonymous_12)
FNDA:1,(anonymous_13)
DA:26,1
DA:39,16
DA:50,16
DA:58,16
DA:66,16
DA:67,16
DA:75,22
DA:76,22
DA:77,22
DA:79,1
DA:81,1
DA:83,20
DA:85,20
DA:87,1
DA:89,1
DA:91,22
DA:92,2
DA:95,22
DA:96,1
DA:100,22
DA:103,22
DA:106,17
DA:107,17
DA:108,17
DA:109,1
DA:113,17
DA:118,1
LF:27
LH:27
BRDA:78,0,0,1
BRDA:78,0,1,20
BRDA:78,0,2,1
BRDA:91,1,0,2
BRDA:91,1,1,20
BRDA:95,2,0,1
BRDA:95,2,1,21
BRDA:108,3,0,1
BRDA:108,3,1,16
BRF:9
BRH:9
end_of_record
TN:
SF:/home/sabrina/CyberLabs/Yoonit/web-yoonit-components/src/components/atoms/YooSeparator/YooSeparator.config.js
FNF:0
FNH:0
DA:1,1
LF:1
LH:1
BRF:0
BRH:0
end_of_record
TN:
SF:/home/sabrina/CyberLabs/Yoonit/web-yoonit-components/src/components/atoms/YooSeparator/YooSeparator.vue
FN:20,(anonymous_1)
FN:31,(anonymous_2)
FN:37,(anonymous_3)
FN:39,(anonymous_4)
FN:40,(anonymous_5)
FN:41,(anonymous_6)
FN:42,(anonymous_7)
FN:43,(anonymous_8)
FN:51,(anonymous_9)
FNF:9
FNH:7
FNDA:6,(anonymous_1)
FNDA:6,(anonymous_2)
FNDA:6,(anonymous_3)
FNDA:6,(anonymous_4)
FNDA:6,(anonymous_5)
FNDA:3,(anonymous_6)
FNDA:0,(anonymous_7)
FNDA:0,(anonymous_8)
FNDA:8,(anonymous_9)
DA:21,6
DA:32,6
DA:37,6
DA:52,8
DA:53,8
DA:55,8
DA:56,8
DA:62,8
LF:8
LH:8
BRDA:55,0,0,8
BRDA:55,0,1,0
BRF:2
BRH:1
end_of_record
TN:
SF:/home/sabrina/CyberLabs/Yoonit/web-yoonit-components/src/components/atoms/YooStepper/YooStepper.config.js
FNF:0
FNH:0
DA:1,1
LF:1
LH:1
BRF:0
BRH:0
end_of_record
TN:
SF:/home/sabrina/CyberLabs/Yoonit/web-yoonit-components/src/components/atoms/YooStepper/YooStepper.vue
FN:35,(anonymous_1)
FN:57,(anonymous_2)
FN:65,(anonymous_3)
FN:73,(anonymous_4)
FNF:4
FNH:4
FNDA:11,(anonymous_1)
FNDA:5,(anonymous_2)
FNDA:1,(anonymous_3)
FNDA:1,(anonymous_4)
DA:24,2
DA:36,11
DA:58,5
DA:66,1
DA:74,1
LF:5
LH:5
BRF:0
BRH:0
end_of_record
TN:
SF:/home/sabrina/CyberLabs/Yoonit/web-yoonit-components/src/components/atoms/YooWarning/YooWarning.config.js
FNF:0
FNH:0
DA:1,1
LF:1
LH:1
BRF:0
BRH:0
end_of_record
TN:
SF:/home/sabrina/CyberLabs/Yoonit/web-yoonit-components/src/components/atoms/YooWarning/YooWarning.vue
FN:25,(anonymous_1)
FN:33,(anonymous_2)
FN:41,(anonymous_3)
FN:49,(anonymous_4)
FN:59,(anonymous_5)
FN:75,(anonymous_6)
FN:83,(anonymous_7)
FN:93,(anonymous_8)
FNF:8
FNH:8
FNDA:9,(anonymous_1)
FNDA:9,(anonymous_2)
FNDA:9,(anonymous_3)
FNDA:9,(anonymous_4)
FNDA:9,(anonymous_5)
FNDA:11,(anonymous_6)
FNDA:10,(anonymous_7)
FNDA:11,(anonymous_8)
DA:26,9
DA:34,9
DA:42,9
DA:50,9
DA:60,9
DA:76,11
DA:84,10
DA:94,11
DA:95,11
DA:97,11
DA:98,11
DA:104,11
LF:12
LH:12
BRDA:84,0,0,9
BRDA:84,0,1,1
BRDA:97,1,0,11
BRDA:97,1,1,0
BRF:4
BRH:3
end_of_record
TN:
SF:/home/sabrina/CyberLabs/Yoonit/web-yoonit-components/src/components/molecules/YooPagination/YooPagination.config.js
FNF:0
FNH:0
DA:1,1
LF:1
LH:1
BRF:0
BRH:0
end_of_record
TN:
SF:/home/sabrina/CyberLabs/Yoonit/web-yoonit-components/src/components/molecules/YooPagination/YooPagination.vue
FN:65,(anonymous_1)
FN:75,(anonymous_2)
FN:80,(anonymous_3)
FN:109,(anonymous_4)
FN:112,(anonymous_5)
FN:115,(anonymous_6)
FN:120,(anonymous_7)
FN:127,(anonymous_8)
FN:136,(anonymous_9)
FN:142,(anonymous_10)
FN:148,(anonymous_11)
FNF:11
FNH:5
FNDA:0,(anonymous_1)
FNDA:6,(anonymous_2)
FNDA:6,(anonymous_3)
FNDA:0,(anonymous_4)
FNDA:0,(anonymous_5)
FNDA:6,(anonymous_6)
FNDA:6,(anonymous_7)
FNDA:6,(anonymous_8)
FNDA:0,(anonymous_9)
FNDA:0,(anonymous_10)
FNDA:0,(anonymous_11)
DA:49,1
DA:50,1
DA:51,1
DA:53,1
DA:65,0
DA:75,6
DA:80,6
DA:110,0
DA:113,0
DA:116,6
DA:121,6
DA:122,6
DA:123,0
DA:125,6
DA:128,6
DA:129,6
DA:130,0
DA:132,6
DA:137,0
DA:143,0
DA:149,0
LF:21
LH:13
BRDA:116,0,0,0
BRDA:116,0,1,6
BRDA:122,1,0,0
BRDA:122,1,1,6
BRDA:129,2,0,0
BRDA:129,2,1,6
BRDA:137,3,0,0
BRDA:137,3,1,0
BRDA:143,4,0,0
BRDA:143,4,1,0
BRF:10
BRH:3
end_of_record
TN:
SF:/home/sabrina/CyberLabs/Yoonit/web-yoonit-components/src/components/quarks/YooFlexLayout/YooFlexLayout.config.js
FNF:0
FNH:0
DA:1,1
LF:1
LH:1
BRF:0
BRH:0
end_of_record
TN:
SF:/home/sabrina/CyberLabs/Yoonit/web-yoonit-components/src/components/quarks/YooFlexLayout/YooFlexLayout.vue
FN:17,(anonymous_1)
FN:29,(anonymous_2)
FN:40,(anonymous_3)
FN:53,(anonymous_4)
FN:66,(anonymous_5)
FN:83,(anonymous_6)
FN:84,(anonymous_7)
FN:85,(anonymous_8)
FN:86,(anonymous_9)
FN:87,(anonymous_10)
FN:90,(anonymous_11)
FN:91,(anonymous_12)
FN:92,(anonymous_13)
FN:93,(anonymous_14)
FN:95,(anonymous_15)
FN:102,(anonymous_16)
FN:109,(anonymous_17)
FN:116,(anonymous_18)
FN:123,(anonymous_19)
FN:130,(anonymous_20)
FN:139,(anonymous_21)
FN:140,(anonymous_22)
FN:143,(anonymous_23)
FNF:23
FNH:20
FNDA:43,(anonymous_1)
FNDA:43,(anonymous_2)
FNDA:43,(anonymous_3)
FNDA:43,(anonymous_4)
FNDA:43,(anonymous_5)
FNDA:30,(anonymous_6)
FNDA:30,(anonymous_7)
FNDA:30,(anonymous_8)
FNDA:30,(anonymous_9)
FNDA:30,(anonymous_10)
FNDA:23,(anonymous_11)
FNDA:23,(anonymous_12)
FNDA:0,(anonymous_13)
FNDA:0,(anonymous_14)
FNDA:33,(anonymous_15)
FNDA:32,(anonymous_16)
FNDA:34,(anonymous_17)
FNDA:34,(anonymous_18)
FNDA:35,(anonymous_19)
FNDA:30,(anonymous_20)
FNDA:0,(anonymous_21)
FNDA:30,(anonymous_22)
FNDA:30,(anonymous_23)
DA:17,43
DA:29,43
DA:40,43
DA:53,43
DA:66,43
DA:83,30
DA:88,30
DA:96,33
DA:97,33
DA:99,0
DA:103,32
DA:104,32
DA:106,0
DA:110,34
DA:111,34
DA:113,0
DA:117,34
DA:118,34
DA:120,0
DA:124,35
DA:125,35
DA:127,0
DA:131,30
DA:132,30
DA:134,0
DA:139,0
DA:141,30
DA:143,30
DA:144,30
DA:145,0
DA:146,0
DA:147,0
DA:148,0
DA:151,0
DA:152,0
DA:155,0
DA:156,0
DA:159,0
DA:160,0
DA:163,0
DA:164,0
DA:167,0
DA:168,0
DA:171,0
DA:172,0
DA:175,0
LF:46
LH:22
BRDA:96,0,0,33
BRDA:96,0,1,0
BRDA:103,1,0,32
BRDA:103,1,1,0
BRDA:110,2,0,34
BRDA:110,2,1,0
BRDA:117,3,0,34
BRDA:117,3,1,0
BRDA:124,4,0,35
BRDA:124,4,1,0
BRDA:131,5,0,30
BRDA:131,5,1,0
BRDA:144,6,0,0
BRDA:144,6,1,30
BRDA:146,7,0,0
BRDA:146,7,1,0
BRDA:147,8,0,0
BRDA:147,8,1,0
BRDA:151,9,0,0
BRDA:151,9,1,0
BRDA:155,10,0,0
BRDA:155,10,1,0
BRDA:159,11,0,0
BRDA:159,11,1,0
BRDA:163,12,0,0
BRDA:163,12,1,0
BRDA:167,13,0,0
BRDA:167,13,1,0
BRDA:171,14,0,0
BRDA:171,14,1,0
BRF:30
BRH:7
end_of_record
TN:
SF:/home/sabrina/CyberLabs/Yoonit/web-yoonit-components/src/components/quarks/YooGridLayout/YooGridLayout.config.js
FNF:0
FNH:0
DA:1,1
LF:1
LH:1
BRF:0
BRH:0
end_of_record
TN:
SF:/home/sabrina/CyberLabs/Yoonit/web-yoonit-components/src/components/quarks/YooGridLayout/YooGridLayout.vue
FN:43,(anonymous_1)
FN:58,(anonymous_2)
FN:72,(anonymous_3)
FN:73,(anonymous_4)
FN:74,(anonymous_5)
FN:75,(anonymous_6)
FN:76,(anonymous_7)
FN:79,(anonymous_8)
FN:80,(anonymous_9)
FN:81,(anonymous_10)
FN:82,(anonymous_11)
FN:84,(anonymous_12)
FN:85,(anonymous_13)
FN:99,(anonymous_14)
FN:100,(anonymous_15)
FN:114,(anonymous_16)
FN:121,(anonymous_17)
FN:140,(anonymous_18)
FN:154,(anonymous_19)
FN:155,(anonymous_20)
FN:157,(anonymous_21)
FNF:21
FNH:18
FNDA:18,(anonymous_1)
FNDA:18,(anonymous_2)
FNDA:18,(anonymous_3)
FNDA:18,(anonymous_4)
FNDA:18,(anonymous_5)
FNDA:18,(anonymous_6)
FNDA:18,(anonymous_7)
FNDA:14,(anonymous_8)
FNDA:14,(anonymous_9)
FNDA:0,(anonymous_10)
FNDA:0,(anonymous_11)
FNDA:18,(anonymous_12)
FNDA:18,(anonymous_13)
FNDA:18,(anonymous_14)
FNDA:18,(anonymous_15)
FNDA:18,(anonymous_16)
FNDA:30,(anonymous_17)
FNDA:18,(anonymous_18)
FNDA:0,(anonymous_19)
FNDA:18,(anonymous_20)
FNDA:18,(anonymous_21)
DA:44,18
DA:59,18
DA:72,18
DA:77,18
DA:85,18
DA:86,18
DA:88,18
DA:89,18
DA:90,0
DA:91,0
DA:93,0
DA:97,18
DA:100,18
DA:101,18
DA:103,18
DA:104,18
DA:105,0
DA:106,0
DA:108,0
DA:112,18
DA:115,18
DA:116,18
DA:118,0
DA:122,30
DA:124,30
DA:125,30
DA:131,30
DA:132,30
DA:138,30
DA:141,18
DA:142,18
DA:143,0
DA:146,18
DA:147,0
DA:150,18
DA:154,0
DA:156,18
DA:157,18
DA:158,18
DA:159,0
DA:160,0
DA:162,0
DA:163,0
DA:165,0
DA:166,0
DA:169,0
DA:170,0
DA:173,0
LF:48
LH:29
BRDA:88,0,0,18
BRDA:88,0,1,0
BRDA:88,1,0,18
BRDA:88,1,1,18
BRDA:88,1,2,18
BRDA:90,2,0,0
BRDA:90,2,1,0
BRDA:103,3,0,18
BRDA:103,3,1,0
BRDA:103,4,0,18
BRDA:103,4,1,18
BRDA:103,4,2,18
BRDA:105,5,0,0
BRDA:105,5,1,0
BRDA:115,6,0,18
BRDA:115,6,1,0
BRDA:124,7,0,30
BRDA:124,7,1,0
BRDA:131,8,0,30
BRDA:131,8,1,0
BRDA:142,9,0,0
BRDA:142,9,1,18
BRDA:146,10,0,0
BRDA:146,10,1,18
BRDA:158,11,0,0
BRDA:158,11,1,18
BRDA:160,12,0,0
BRDA:160,12,1,0
BRDA:165,13,0,0
BRDA:165,13,1,0
BRDA:169,14,0,0
BRDA:169,14,1,0
BRF:32
BRH:14
end_of_record
TN:
SF:/home/sabrina/CyberLabs/Yoonit/web-yoonit-components/src/components/quarks/YooIndicator/YooIndicator.config.js
FNF:0
FNH:0
DA:1,1
LF:1
LH:1
BRF:0
BRH:0
end_of_record
TN:
SF:/home/sabrina/CyberLabs/Yoonit/web-yoonit-components/src/components/quarks/YooIndicator/YooIndicator.vue
FN:16,(anonymous_1)
FN:30,(anonymous_2)
FN:51,(anonymous_3)
FN:52,(anonymous_4)
FN:53,(anonymous_5)
FN:54,(anonymous_6)
FN:55,(anonymous_7)
FN:56,(anonymous_8)
FN:57,(anonymous_9)
FN:58,(anonymous_10)
FN:59,(anonymous_11)
FN:61,(anonymous_12)
FNF:12
FNH:10
FNDA:14,(anonymous_1)
FNDA:14,(anonymous_2)
FNDA:14,(anonymous_3)
FNDA:14,(anonymous_4)
FNDA:14,(anonymous_5)
FNDA:14,(anonymous_6)
FNDA:14,(anonymous_7)
FNDA:10,(anonymous_8)
FNDA:10,(anonymous_9)
FNDA:0,(anonymous_10)
FNDA:0,(anonymous_11)
FNDA:23,(anonymous_12)
DA:16,14
DA:30,14
DA:51,14
DA:62,23
DA:64,23
DA:65,23
DA:69,23
LF:7
LH:7
BRDA:64,0,0,23
BRDA:64,0,1,0
BRF:2
BRH:1
end_of_record
TN:
SF:/home/sabrina/CyberLabs/Yoonit/web-yoonit-components/src/components/quarks/YooScrollView/YooScrollView.config.js
FNF:0
FNH:0
DA:1,1
LF:1
LH:1
BRF:0
BRH:0
end_of_record
TN:
SF:/home/sabrina/CyberLabs/Yoonit/web-yoonit-components/src/components/quarks/YooScrollView/YooScrollView.vue
FN:17,(anonymous_1)
FN:26,(anonymous_2)
FNF:2
FNH:2
FNDA:5,(anonymous_1)
FNDA:6,(anonymous_2)
DA:17,5
DA:27,6
LF:2
LH:2
BRF:0
BRH:0
end_of_record
